<?xml version="1.0" encoding="UTF-8"?>
<!-- Generated by org.testng.reporters.JUnitReportReporter -->
<testsuite skipped="3" hostname="DESKTOP-VTLIHK5" name="appiumFramework.Demos" tests="4" failures="0" timestamp="2021-03-24T14:22:07 IST" time="135.179" errors="0">
  <testcase name="testCase4" time="135.179" classname="appiumFramework.Demos"/>
  <system-out/>
  <testcase name="testCase2" classname="appiumFramework.Demos">
    <skipped/>
  </testcase> <!-- testCase2 -->
  <system-out/>
  <testcase name="testCase1" classname="appiumFramework.Demos">
    <skipped/>
  </testcase> <!-- testCase1 -->
  <system-out/>
  <testcase name="testCase3" classname="appiumFramework.Demos">
    <skipped/>
  </testcase> <!-- testCase3 -->
  <system-out/>
</testsuite> <!-- appiumFramework.Demos -->
